[
  {
    "line": 1,
    "elements": [
      {
        "line": 3,
        "name": "Test company name",
        "description": "",
        "id": "form-validation-if-empty;test-company-name",
        "type": "scenario",
        "keyword": "Scenario",
        "steps": [
          {
            "result": {
              "duration": 3482529677,
              "status": "passed"
            },
            "line": 4,
            "name": "check company user name",
            "match": {
              "location": "StepDef.check_company_user_name()"
            },
            "keyword": "Given "
          },
          {
            "result": {
              "duration": 2178174485,
              "status": "passed"
            },
            "line": 5,
            "name": "enter empty value in user names text box",
            "match": {
              "location": "StepDef.enter_empty_value_in_user_names_text_box()"
            },
            "keyword": "When "
          },
          {
            "result": {
              "duration": 4236066774,
              "status": "passed"
            },
            "comments": [
              {
                "line": 6,
                "value": "#click to be added"
              }
            ],
            "line": 7,
            "name": "print error message for company name field",
            "match": {
              "location": "StepDef.print_error_message_for_company_name_field()"
            },
            "keyword": "Then "
          }
        ]
      },
      {
        "line": 8,
        "name": "Test name",
        "description": "",
        "id": "form-validation-if-empty;test-name",
        "type": "scenario",
        "keyword": "Scenario",
        "steps": [
          {
            "result": {
              "duration": 2962899152,
              "status": "passed"
            },
            "line": 9,
            "name": "check user name",
            "match": {
              "location": "StepDef.check_user_name()"
            },
            "keyword": "Given "
          },
          {
            "result": {
              "duration": 216225806,
              "status": "passed"
            },
            "line": 10,
            "name": "enter empty value in user name text box",
            "match": {
              "location": "StepDef.enter_empty_value_in_user_name_text_box()"
            },
            "keyword": "When "
          },
          {
            "result": {
              "duration": 4119583186,
              "status": "passed"
            },
            "comments": [
              {
                "line": 11,
                "value": "#click to be added"
              }
            ],
            "line": 12,
            "name": "print error message for name field",
            "match": {
              "location": "StepDef.print_error_message_for_name_field()"
            },
            "keyword": "Then "
          }
        ]
      },
      {
        "line": 14,
        "name": "Test city name",
        "description": "",
        "id": "form-validation-if-empty;test-city-name",
        "type": "scenario",
        "keyword": "Scenario",
        "steps": [
          {
            "result": {
              "duration": 2912645925,
              "status": "passed"
            },
            "line": 15,
            "name": "check user cityname",
            "match": {
              "location": "StepDef.check_user_cityname()"
            },
            "keyword": "Given "
          },
          {
            "result": {
              "duration": 275186300,
              "status": "passed"
            },
            "line": 16,
            "name": "enter empty value in city text box",
            "match": {
              "location": "StepDef.enter_empty_value_in_city_text_box()"
            },
            "keyword": "When "
          },
          {
            "result": {
              "duration": 6100188125,
              "status": "passed"
            },
            "line": 17,
            "name": "print error message for city field",
            "match": {
              "location": "StepDef.print_error_message_for_city_field()"
            },
            "keyword": "Then "
          }
        ]
      },
      {
        "line": 19,
        "name": "Test password",
        "description": "",
        "id": "form-validation-if-empty;test-password",
        "type": "scenario",
        "keyword": "Scenario",
        "steps": [
          {
            "result": {
              "duration": 2902163238,
              "status": "passed"
            },
            "line": 20,
            "name": "check user password",
            "match": {
              "location": "StepDef.check_user_password()"
            },
            "keyword": "Given "
          },
          {
            "result": {
              "duration": 339348755,
              "status": "passed"
            },
            "line": 21,
            "name": "enter empty value in password text box",
            "match": {
              "location": "StepDef.enter_empty_value_in_password_text_box()"
            },
            "keyword": "When "
          },
          {
            "result": {
              "duration": 6137408347,
              "status": "passed"
            },
            "line": 22,
            "name": "print error message for password field",
            "match": {
              "location": "StepDef.print_error_message_for_password_field()"
            },
            "keyword": "Then "
          }
        ]
      },
      {
        "line": 24,
        "name": "Test Gender",
        "description": "",
        "id": "form-validation-if-empty;test-gender",
        "type": "scenario",
        "keyword": "Scenario",
        "steps": [
          {
            "result": {
              "duration": 70968,
              "status": "passed"
            },
            "line": 25,
            "name": "check user selection",
            "match": {
              "location": "StepDef.check_user_selection()"
            },
            "keyword": "Given "
          },
          {
            "result": {
              "duration": 35689,
              "status": "passed"
            },
            "line": 26,
            "name": "enter empty value in radio box",
            "match": {
              "location": "StepDef.enter_empty_value_in_radio_box()"
            },
            "keyword": "When "
          },
          {
            "result": {
              "duration": 36099,
              "status": "passed"
            },
            "line": 27,
            "name": "print error message for radio box",
            "match": {
              "location": "StepDef.print_error_message_for_radio_box()"
            },
            "keyword": "Then "
          }
        ]
      },
      {
        "line": 28,
        "name": "Test language",
        "description": "",
        "id": "form-validation-if-empty;test-language",
        "type": "scenario",
        "keyword": "Scenario",
        "steps": [
          {
            "result": {
              "duration": 75890,
              "status": "passed"
            },
            "line": 29,
            "name": "check user selections",
            "match": {
              "location": "StepDef.check_user_selections()"
            },
            "keyword": "Given "
          },
          {
            "result": {
              "duration": 35689,
              "status": "passed"
            },
            "line": 30,
            "name": "enter empty value in all selection",
            "match": {
              "location": "StepDef.enter_empty_value_in_all_selection()"
            },
            "keyword": "When "
          },
          {
            "result": {
              "duration": 35689,
              "status": "passed"
            },
            "line": 31,
            "name": "print error message for selection field",
            "match": {
              "location": "StepDef.print_error_message_for_selection_field()"
            },
            "keyword": "Then "
          }
        ]
      },
      {
        "line": 32,
        "name": "Test hiddentext area",
        "description": "",
        "id": "form-validation-if-empty;test-hiddentext-area",
        "type": "scenario",
        "keyword": "Scenario",
        "steps": [
          {
            "result": {
              "duration": 69327,
              "status": "passed"
            },
            "line": 33,
            "name": "check text area",
            "match": {
              "location": "StepDef.check_text_area()"
            },
            "keyword": "Given "
          },
          {
            "result": {
              "duration": 33638,
              "status": "passed"
            },
            "line": 34,
            "name": "enter empty value in text area",
            "match": {
              "location": "StepDef.enter_empty_value_in_text_area()"
            },
            "keyword": "When "
          },
          {
            "result": {
              "duration": 30356,
              "status": "passed"
            },
            "line": 35,
            "name": "print error message for text area field",
            "match": {
              "location": "StepDef.print_error_message_for_text_area_field()"
            },
            "keyword": "Then "
          }
        ]
      },
      {
        "line": 36,
        "name": "Test my number",
        "description": "",
        "id": "form-validation-if-empty;test-my-number",
        "type": "scenario",
        "keyword": "Scenario",
        "steps": [
          {
            "result": {
              "duration": 2914426266,
              "status": "passed"
            },
            "line": 37,
            "name": "check my number field",
            "match": {
              "location": "StepDef.check_my_number_field()"
            },
            "keyword": "Given "
          },
          {
            "result": {
              "duration": 15360507340,
              "error_message": "org.openqa.selenium.NoSuchElementException: no such element: Unable to locate element: {\"method\":\"xpath\",\"selector\":\"/html/body/center/form/input[11]\"}\n  (Session info: chrome\u003d70.0.3538.102)\n  (Driver info: chromedriver\u003d2.38.552522 (437e6fbedfa8762dec75e2c5b3ddb86763dc9dcb),platform\u003dWindows NT 6.1.7601 SP1 x86_64) (WARNING: The server did not provide any stacktrace information)\nCommand duration or timeout: 0 milliseconds\nFor documentation on this error, please visit: http://seleniumhq.org/exceptions/no_such_element.html\nBuild info: version: \u00273.13.0\u0027, revision: \u00272f0d292\u0027, time: \u00272018-06-25T15:32:19.891Z\u0027\nSystem info: host: \u0027CHNSIPDT0T530\u0027, ip: \u002710.219.34.83\u0027, os.name: \u0027Windows 7\u0027, os.arch: \u0027amd64\u0027, os.version: \u00276.1\u0027, java.version: \u00271.8.0_131\u0027\nDriver info: org.openqa.selenium.chrome.ChromeDriver\nCapabilities {acceptInsecureCerts: false, acceptSslCerts: false, applicationCacheEnabled: false, browserConnectionEnabled: false, browserName: chrome, chrome: {chromedriverVersion: 2.38.552522 (437e6fbedfa876..., userDataDir: C:\\Users\\dparige\\AppData\\Lo...}, cssSelectorsEnabled: true, databaseEnabled: false, handlesAlerts: true, hasTouchScreen: false, javascriptEnabled: true, locationContextEnabled: true, mobileEmulationEnabled: false, nativeEvents: true, networkConnectionEnabled: false, pageLoadStrategy: normal, platform: XP, platformName: XP, rotatable: false, setWindowRect: true, takesHeapSnapshot: true, takesScreenshot: true, unexpectedAlertBehaviour: , unhandledPromptBehavior: , version: 70.0.3538.102, webStorageEnabled: true}\nSession ID: f49576487a96840f9ab8ebdb688bfffa\n*** Element info: {Using\u003dxpath, value\u003d/html/body/center/form/input[11]}\r\n\tat sun.reflect.NativeConstructorAccessorImpl.newInstance0(Native Method)\r\n\tat sun.reflect.NativeConstructorAccessorImpl.newInstance(NativeConstructorAccessorImpl.java:62)\r\n\tat sun.reflect.DelegatingConstructorAccessorImpl.newInstance(DelegatingConstructorAccessorImpl.java:45)\r\n\tat java.lang.reflect.Constructor.newInstance(Constructor.java:423)\r\n\tat org.openqa.selenium.remote.ErrorHandler.createThrowable(ErrorHandler.java:214)\r\n\tat org.openqa.selenium.remote.ErrorHandler.throwIfResponseFailed(ErrorHandler.java:166)\r\n\tat org.openqa.selenium.remote.http.JsonHttpResponseCodec.reconstructValue(JsonHttpResponseCodec.java:40)\r\n\tat org.openqa.selenium.remote.http.AbstractHttpResponseCodec.decode(AbstractHttpResponseCodec.java:80)\r\n\tat org.openqa.selenium.remote.http.AbstractHttpResponseCodec.decode(AbstractHttpResponseCodec.java:44)\r\n\tat org.openqa.selenium.remote.HttpCommandExecutor.execute(HttpCommandExecutor.java:158)\r\n\tat org.openqa.selenium.remote.service.DriverCommandExecutor.execute(DriverCommandExecutor.java:83)\r\n\tat org.openqa.selenium.remote.RemoteWebDriver.execute(RemoteWebDriver.java:548)\r\n\tat org.openqa.selenium.remote.RemoteWebDriver.findElement(RemoteWebDriver.java:322)\r\n\tat org.openqa.selenium.remote.RemoteWebDriver.findElementByXPath(RemoteWebDriver.java:424)\r\n\tat org.openqa.selenium.By$ByXPath.findElement(By.java:353)\r\n\tat org.openqa.selenium.remote.RemoteWebDriver.findElement(RemoteWebDriver.java:314)\r\n\tat org.openqa.selenium.support.pagefactory.DefaultElementLocator.findElement(DefaultElementLocator.java:69)\r\n\tat org.openqa.selenium.support.pagefactory.internal.LocatingElementHandler.invoke(LocatingElementHandler.java:38)\r\n\tat com.sun.proxy.$Proxy14.sendKeys(Unknown Source)\r\n\tat com.capg.basicform.FormPageFactory.setMynumber(FormPageFactory.java:97)\r\n\tat com.capg.basicform.StepDef.enter_empty_value_in_my_number_field(StepDef.java:189)\r\n\tat ✽.When enter empty value in my number field(com/capg/basicform/emptydata.feature:38)\r\n",
              "status": "failed"
            },
            "line": 38,
            "name": "enter empty value in my number field",
            "match": {
              "location": "StepDef.enter_empty_value_in_my_number_field()"
            },
            "keyword": "When "
          },
          {
            "result": {
              "status": "skipped"
            },
            "line": 39,
            "name": "print error message for my number field",
            "match": {
              "location": "StepDef.print_error_message_for_my_number_field()"
            },
            "keyword": "Then "
          }
        ]
      },
      {
        "line": 40,
        "name": "Test email",
        "description": "",
        "id": "form-validation-if-empty;test-email",
        "type": "scenario",
        "keyword": "Scenario",
        "steps": [
          {
            "result": {
              "duration": 2800887627,
              "status": "passed"
            },
            "line": 41,
            "name": "check email field",
            "match": {
              "location": "StepDef.check_email_field()"
            },
            "keyword": "Given "
          },
          {
            "result": {
              "duration": 15361940638,
              "error_message": "org.openqa.selenium.NoSuchElementException: no such element: Unable to locate element: {\"method\":\"xpath\",\"selector\":\"/html/body/center/form/input[11]\"}\n  (Session info: chrome\u003d70.0.3538.102)\n  (Driver info: chromedriver\u003d2.38.552522 (437e6fbedfa8762dec75e2c5b3ddb86763dc9dcb),platform\u003dWindows NT 6.1.7601 SP1 x86_64) (WARNING: The server did not provide any stacktrace information)\nCommand duration or timeout: 0 milliseconds\nFor documentation on this error, please visit: http://seleniumhq.org/exceptions/no_such_element.html\nBuild info: version: \u00273.13.0\u0027, revision: \u00272f0d292\u0027, time: \u00272018-06-25T15:32:19.891Z\u0027\nSystem info: host: \u0027CHNSIPDT0T530\u0027, ip: \u002710.219.34.83\u0027, os.name: \u0027Windows 7\u0027, os.arch: \u0027amd64\u0027, os.version: \u00276.1\u0027, java.version: \u00271.8.0_131\u0027\nDriver info: org.openqa.selenium.chrome.ChromeDriver\nCapabilities {acceptInsecureCerts: false, acceptSslCerts: false, applicationCacheEnabled: false, browserConnectionEnabled: false, browserName: chrome, chrome: {chromedriverVersion: 2.38.552522 (437e6fbedfa876..., userDataDir: C:\\Users\\dparige\\AppData\\Lo...}, cssSelectorsEnabled: true, databaseEnabled: false, handlesAlerts: true, hasTouchScreen: false, javascriptEnabled: true, locationContextEnabled: true, mobileEmulationEnabled: false, nativeEvents: true, networkConnectionEnabled: false, pageLoadStrategy: normal, platform: XP, platformName: XP, rotatable: false, setWindowRect: true, takesHeapSnapshot: true, takesScreenshot: true, unexpectedAlertBehaviour: , unhandledPromptBehavior: , version: 70.0.3538.102, webStorageEnabled: true}\nSession ID: 7d6fbde0433a1cd2b9b96c4706ba0695\n*** Element info: {Using\u003dxpath, value\u003d/html/body/center/form/input[11]}\r\n\tat sun.reflect.NativeConstructorAccessorImpl.newInstance0(Native Method)\r\n\tat sun.reflect.NativeConstructorAccessorImpl.newInstance(NativeConstructorAccessorImpl.java:62)\r\n\tat sun.reflect.DelegatingConstructorAccessorImpl.newInstance(DelegatingConstructorAccessorImpl.java:45)\r\n\tat java.lang.reflect.Constructor.newInstance(Constructor.java:423)\r\n\tat org.openqa.selenium.remote.ErrorHandler.createThrowable(ErrorHandler.java:214)\r\n\tat org.openqa.selenium.remote.ErrorHandler.throwIfResponseFailed(ErrorHandler.java:166)\r\n\tat org.openqa.selenium.remote.http.JsonHttpResponseCodec.reconstructValue(JsonHttpResponseCodec.java:40)\r\n\tat org.openqa.selenium.remote.http.AbstractHttpResponseCodec.decode(AbstractHttpResponseCodec.java:80)\r\n\tat org.openqa.selenium.remote.http.AbstractHttpResponseCodec.decode(AbstractHttpResponseCodec.java:44)\r\n\tat org.openqa.selenium.remote.HttpCommandExecutor.execute(HttpCommandExecutor.java:158)\r\n\tat org.openqa.selenium.remote.service.DriverCommandExecutor.execute(DriverCommandExecutor.java:83)\r\n\tat org.openqa.selenium.remote.RemoteWebDriver.execute(RemoteWebDriver.java:548)\r\n\tat org.openqa.selenium.remote.RemoteWebDriver.findElement(RemoteWebDriver.java:322)\r\n\tat org.openqa.selenium.remote.RemoteWebDriver.findElementByXPath(RemoteWebDriver.java:424)\r\n\tat org.openqa.selenium.By$ByXPath.findElement(By.java:353)\r\n\tat org.openqa.selenium.remote.RemoteWebDriver.findElement(RemoteWebDriver.java:314)\r\n\tat org.openqa.selenium.support.pagefactory.DefaultElementLocator.findElement(DefaultElementLocator.java:69)\r\n\tat org.openqa.selenium.support.pagefactory.internal.LocatingElementHandler.invoke(LocatingElementHandler.java:38)\r\n\tat com.sun.proxy.$Proxy14.sendKeys(Unknown Source)\r\n\tat com.capg.basicform.FormPageFactory.setMynumber(FormPageFactory.java:97)\r\n\tat com.capg.basicform.StepDef.enter_empty_value_in_email_field(StepDef.java:219)\r\n\tat ✽.When enter empty value in email field(com/capg/basicform/emptydata.feature:42)\r\n",
              "status": "failed"
            },
            "line": 42,
            "name": "enter empty value in email field",
            "match": {
              "location": "StepDef.enter_empty_value_in_email_field()"
            },
            "keyword": "When "
          },
          {
            "result": {
              "status": "skipped"
            },
            "line": 43,
            "name": "print error message for email field",
            "match": {
              "location": "StepDef.print_error_message_for_email_field()"
            },
            "keyword": "Then "
          }
        ]
      },
      {
        "line": 44,
        "name": "Test mobilenumber",
        "description": "",
        "id": "form-validation-if-empty;test-mobilenumber",
        "type": "scenario",
        "keyword": "Scenario",
        "steps": [
          {
            "result": {
              "duration": 2899686348,
              "status": "passed"
            },
            "line": 45,
            "name": "check mobilenumber field",
            "match": {
              "location": "StepDef.check_mobilenumber_field()"
            },
            "keyword": "Given "
          },
          {
            "result": {
              "duration": 15363072838,
              "error_message": "org.openqa.selenium.NoSuchElementException: no such element: Unable to locate element: {\"method\":\"xpath\",\"selector\":\"/html/body/center/form/input[11]\"}\n  (Session info: chrome\u003d70.0.3538.102)\n  (Driver info: chromedriver\u003d2.38.552522 (437e6fbedfa8762dec75e2c5b3ddb86763dc9dcb),platform\u003dWindows NT 6.1.7601 SP1 x86_64) (WARNING: The server did not provide any stacktrace information)\nCommand duration or timeout: 0 milliseconds\nFor documentation on this error, please visit: http://seleniumhq.org/exceptions/no_such_element.html\nBuild info: version: \u00273.13.0\u0027, revision: \u00272f0d292\u0027, time: \u00272018-06-25T15:32:19.891Z\u0027\nSystem info: host: \u0027CHNSIPDT0T530\u0027, ip: \u002710.219.34.83\u0027, os.name: \u0027Windows 7\u0027, os.arch: \u0027amd64\u0027, os.version: \u00276.1\u0027, java.version: \u00271.8.0_131\u0027\nDriver info: org.openqa.selenium.chrome.ChromeDriver\nCapabilities {acceptInsecureCerts: false, acceptSslCerts: false, applicationCacheEnabled: false, browserConnectionEnabled: false, browserName: chrome, chrome: {chromedriverVersion: 2.38.552522 (437e6fbedfa876..., userDataDir: C:\\Users\\dparige\\AppData\\Lo...}, cssSelectorsEnabled: true, databaseEnabled: false, handlesAlerts: true, hasTouchScreen: false, javascriptEnabled: true, locationContextEnabled: true, mobileEmulationEnabled: false, nativeEvents: true, networkConnectionEnabled: false, pageLoadStrategy: normal, platform: XP, platformName: XP, rotatable: false, setWindowRect: true, takesHeapSnapshot: true, takesScreenshot: true, unexpectedAlertBehaviour: , unhandledPromptBehavior: , version: 70.0.3538.102, webStorageEnabled: true}\nSession ID: 60a0e52e59fe02bc2f87f79e048ba628\n*** Element info: {Using\u003dxpath, value\u003d/html/body/center/form/input[11]}\r\n\tat sun.reflect.NativeConstructorAccessorImpl.newInstance0(Native Method)\r\n\tat sun.reflect.NativeConstructorAccessorImpl.newInstance(NativeConstructorAccessorImpl.java:62)\r\n\tat sun.reflect.DelegatingConstructorAccessorImpl.newInstance(DelegatingConstructorAccessorImpl.java:45)\r\n\tat java.lang.reflect.Constructor.newInstance(Constructor.java:423)\r\n\tat org.openqa.selenium.remote.ErrorHandler.createThrowable(ErrorHandler.java:214)\r\n\tat org.openqa.selenium.remote.ErrorHandler.throwIfResponseFailed(ErrorHandler.java:166)\r\n\tat org.openqa.selenium.remote.http.JsonHttpResponseCodec.reconstructValue(JsonHttpResponseCodec.java:40)\r\n\tat org.openqa.selenium.remote.http.AbstractHttpResponseCodec.decode(AbstractHttpResponseCodec.java:80)\r\n\tat org.openqa.selenium.remote.http.AbstractHttpResponseCodec.decode(AbstractHttpResponseCodec.java:44)\r\n\tat org.openqa.selenium.remote.HttpCommandExecutor.execute(HttpCommandExecutor.java:158)\r\n\tat org.openqa.selenium.remote.service.DriverCommandExecutor.execute(DriverCommandExecutor.java:83)\r\n\tat org.openqa.selenium.remote.RemoteWebDriver.execute(RemoteWebDriver.java:548)\r\n\tat org.openqa.selenium.remote.RemoteWebDriver.findElement(RemoteWebDriver.java:322)\r\n\tat org.openqa.selenium.remote.RemoteWebDriver.findElementByXPath(RemoteWebDriver.java:424)\r\n\tat org.openqa.selenium.By$ByXPath.findElement(By.java:353)\r\n\tat org.openqa.selenium.remote.RemoteWebDriver.findElement(RemoteWebDriver.java:314)\r\n\tat org.openqa.selenium.support.pagefactory.DefaultElementLocator.findElement(DefaultElementLocator.java:69)\r\n\tat org.openqa.selenium.support.pagefactory.internal.LocatingElementHandler.invoke(LocatingElementHandler.java:38)\r\n\tat com.sun.proxy.$Proxy14.sendKeys(Unknown Source)\r\n\tat com.capg.basicform.FormPageFactory.setMynumber(FormPageFactory.java:97)\r\n\tat com.capg.basicform.StepDef.enter_empty_value_in_mobilenumber_field(StepDef.java:250)\r\n\tat ✽.When enter empty value in mobilenumber field(com/capg/basicform/emptydata.feature:46)\r\n",
              "status": "failed"
            },
            "line": 46,
            "name": "enter empty value in mobilenumber field",
            "match": {
              "location": "StepDef.enter_empty_value_in_mobilenumber_field()"
            },
            "keyword": "When "
          },
          {
            "result": {
              "status": "skipped"
            },
            "line": 47,
            "name": "print error message for mobilenumber field",
            "match": {
              "location": "StepDef.print_error_message_for_mobilenumber_field()"
            },
            "keyword": "Then "
          }
        ]
      }
    ],
    "name": "Form validation if empty",
    "description": "",
    "id": "form-validation-if-empty",
    "keyword": "Feature",
    "uri": "com/capg/basicform/emptydata.feature"
  }
]